Flow report for 473project
Wed Dec 08 22:52:47 2010
Quartus II Version 9.1 Build 350 03/24/2010 Service Pack 2 SJ Web Edition


---------------------
; Table of Contents ;
---------------------
  1. Legal Notice
  2. Flow Summary
  3. Flow Settings
  4. Flow Non-Default Global Settings
  5. Flow Elapsed Time
  6. Flow OS Summary
  7. Flow Log



----------------
; Legal Notice ;
----------------
Copyright (C) 1991-2010 Altera Corporation
Your use of Altera Corporation's design tools, logic functions 
and other software and tools, and its AMPP partner logic 
functions, and any output files from any of the foregoing 
(including device programming or simulation files), and any 
associated documentation or information are expressly subject 
to the terms and conditions of the Altera Program License 
Subscription Agreement, Altera MegaCore Function License 
Agreement, or other applicable license agreement, including, 
without limitation, that your use is for the sole purpose of 
programming logic devices manufactured by Altera and sold by 
Altera or its authorized distributors.  Please refer to the 
applicable agreement for further details.



+-----------------------------------------------------------------------------------+
; Flow Summary                                                                      ;
+------------------------------------+----------------------------------------------+
; Flow Status                        ; Successful - Wed Dec 08 22:52:47 2010        ;
; Quartus II Version                 ; 9.1 Build 350 03/24/2010 SP 2 SJ Web Edition ;
; Revision Name                      ; 473project                                   ;
; Top-level Entity Name              ; mips                                         ;
; Family                             ; Cyclone II                                   ;
; Device                             ; EP2C35F672C6                                 ;
; Timing Models                      ; Final                                        ;
; Met timing requirements            ; No                                           ;
; Total logic elements               ; 4,520 / 33,216 ( 14 % )                      ;
;     Total combinational functions  ; 4,103 / 33,216 ( 12 % )                      ;
;     Dedicated logic registers      ; 1,546 / 33,216 ( 5 % )                       ;
; Total registers                    ; 1546                                         ;
; Total pins                         ; 153 / 475 ( 32 % )                           ;
; Total virtual pins                 ; 0                                            ;
; Total memory bits                  ; 40,960 / 483,840 ( 8 % )                     ;
; Embedded Multiplier 9-bit elements ; 0 / 70 ( 0 % )                               ;
; Total PLLs                         ; 0 / 4 ( 0 % )                                ;
+------------------------------------+----------------------------------------------+


+-----------------------------------------+
; Flow Settings                           ;
+-------------------+---------------------+
; Option            ; Setting             ;
+-------------------+---------------------+
; Start date & time ; 12/08/2010 22:50:37 ;
; Main task         ; Compilation         ;
; Revision Name     ; 473project          ;
+-------------------+---------------------+


+-------------------------------------------------------------------------------------------------------------------+
; Flow Non-Default Global Settings                                                                                  ;
+------------------------------------+-------------------------------+---------------+-------------+----------------+
; Assignment Name                    ; Value                         ; Default Value ; Entity Name ; Section Id     ;
+------------------------------------+-------------------------------+---------------+-------------+----------------+
; COMPILER_SIGNATURE_ID              ; 6706562132354.129186663604420 ; --            ; --          ; --             ;
; IP_TOOL_NAME                       ; RAM: 1-PORT                   ; --            ; --          ; --             ;
; IP_TOOL_NAME                       ; ROM: 1-PORT                   ; --            ; --          ; --             ;
; IP_TOOL_VERSION                    ; 9.1                           ; --            ; --          ; --             ;
; IP_TOOL_VERSION                    ; 9.0                           ; --            ; --          ; --             ;
; MAX_CORE_JUNCTION_TEMP             ; 85                            ; --            ; --          ; --             ;
; MIN_CORE_JUNCTION_TEMP             ; 0                             ; --            ; --          ; --             ;
; MISC_FILE                          ; RAMdmem.bsf                   ; --            ; --          ; --             ;
; MISC_FILE                          ; RAMdmem.cmp                   ; --            ; --          ; --             ;
; MISC_FILE                          ; RAMdmem_syn.v                 ; --            ; --          ; --             ;
; MISC_FILE                          ; ROMifetch.bsf                 ; --            ; --          ; --             ;
; MISC_FILE                          ; ROMifetch.cmp                 ; --            ; --          ; --             ;
; MISC_FILE                          ; ROMifetch_syn.v               ; --            ; --          ; --             ;
; PARTITION_COLOR                    ; 16764057                      ; --            ; mips        ; Top            ;
; PARTITION_NETLIST_TYPE             ; SOURCE                        ; --            ; mips        ; Top            ;
; SMART_RECOMPILE                    ; On                            ; Off           ; --          ; --             ;
; TOP_LEVEL_ENTITY                   ; mips                          ; 473project    ; --          ; --             ;
; USE_GENERATED_PHYSICAL_CONSTRAINTS ; Off                           ; --            ; --          ; eda_blast_fpga ;
+------------------------------------+-------------------------------+---------------+-------------+----------------+


+-----------------------------------------------------------------------------------------------------------------------------+
; Flow Elapsed Time                                                                                                           ;
+-------------------------+--------------+-------------------------+---------------------+------------------------------------+
; Module Name             ; Elapsed Time ; Average Processors Used ; Peak Virtual Memory ; Total CPU Time (on all processors) ;
+-------------------------+--------------+-------------------------+---------------------+------------------------------------+
; Analysis & Synthesis    ; 00:00:29     ; 1.0                     ; 260 MB              ; 00:00:30                           ;
; Fitter                  ; 00:01:06     ; 1.0                     ; 290 MB              ; 00:01:07                           ;
; Assembler               ; 00:00:04     ; 1.0                     ; 257 MB              ; 00:00:03                           ;
; Classic Timing Analyzer ; 00:00:04     ; 1.0                     ; 195 MB              ; 00:00:04                           ;
; MIF/HEX Update          ; 00:00:01     ; 1.0                     ; 207 MB              ; 00:00:01                           ;
; Assembler               ; 00:00:04     ; 1.0                     ; 258 MB              ; 00:00:04                           ;
; Total                   ; 00:01:48     ; --                      ; --                  ; 00:01:49                           ;
+-------------------------+--------------+-------------------------+---------------------+------------------------------------+


+------------------------------------------------------------------------------------------+
; Flow OS Summary                                                                          ;
+-------------------------+------------------+---------------+------------+----------------+
; Module Name             ; Machine Hostname ; OS Name       ; OS Version ; Processor type ;
+-------------------------+------------------+---------------+------------+----------------+
; Analysis & Synthesis    ; LITTLEBLUE       ; Windows Vista ; 6.1        ; x86_64         ;
; Fitter                  ; LITTLEBLUE       ; Windows Vista ; 6.1        ; x86_64         ;
; Assembler               ; LITTLEBLUE       ; Windows Vista ; 6.1        ; x86_64         ;
; Classic Timing Analyzer ; LITTLEBLUE       ; Windows Vista ; 6.1        ; x86_64         ;
; MIF/HEX Update          ; LITTLEBLUE       ; Windows Vista ; 6.1        ; x86_64         ;
; Assembler               ; LITTLEBLUE       ; Windows Vista ; 6.1        ; x86_64         ;
+-------------------------+------------------+---------------+------------+----------------+


------------
; Flow Log ;
------------
quartus_map --read_settings_files=on --write_settings_files=off 473project -c 473project
quartus_fit --read_settings_files=off --write_settings_files=off 473project -c 473project
quartus_asm --read_settings_files=off --write_settings_files=off 473project -c 473project
quartus_tan --read_settings_files=off --write_settings_files=off 473project -c 473project --timing_analysis_only
quartus_cdb 473project -c 473project --update_mif
quartus_asm --read_settings_files=on --write_settings_files=off 473project -c 473project



